[28-Jan-2023 04:25:10 UTC] Inicio de aplicacion web
[28-Jan-2023 04:25:22 UTC] Inicio de aplicacion web
[28-Jan-2023 04:25:23 UTC] Inicio de aplicacion web
[28-Jan-2023 04:25:23 UTC] Login::render-> Carga el index de login
[28-Jan-2023 04:25:26 UTC] Inicio de aplicacion web
[28-Jan-2023 04:25:26 UTC] Inicio de aplicacion web
[28-Jan-2023 04:25:33 UTC] Inicio de aplicacion web
[28-Jan-2023 04:25:33 UTC] Inicio de aplicacion web
[28-Jan-2023 04:25:34 UTC] Inicio de aplicacion web
[28-Jan-2023 04:25:34 UTC] Login::render-> Carga el index de login
[28-Jan-2023 04:25:38 UTC] Inicio de aplicacion web
[28-Jan-2023 04:25:38 UTC] Inicio de aplicacion web
[28-Jan-2023 04:25:40 UTC] Inicio de aplicacion web
[28-Jan-2023 04:25:43 UTC] Inicio de aplicacion web
[28-Jan-2023 04:25:43 UTC] Inicio de aplicacion web
[28-Jan-2023 04:25:44 UTC] Inicio de aplicacion web
[28-Jan-2023 04:25:44 UTC] Login::render-> Carga el index de login
[28-Jan-2023 04:26:45 UTC] Inicio de aplicacion web
[28-Jan-2023 04:26:47 UTC] Inicio de aplicacion web
[28-Jan-2023 04:26:48 UTC] Inicio de aplicacion web
[28-Jan-2023 04:26:48 UTC] Login::render-> Carga el index de login
[28-Jan-2023 04:28:44 UTC] Inicio de aplicacion web
[28-Jan-2023 04:28:44 UTC] Login::render-> Carga el index de login
[28-Jan-2023 04:28:49 UTC] Inicio de aplicacion web
[28-Jan-2023 04:28:51 UTC] Inicio de aplicacion web
[28-Jan-2023 04:28:51 UTC] Login::render-> Carga el index de login
[28-Jan-2023 04:28:52 UTC] Inicio de aplicacion web
[28-Jan-2023 04:28:52 UTC] Inicio de aplicacion web
[28-Jan-2023 04:28:56 UTC] Inicio de aplicacion web
[28-Jan-2023 04:28:57 UTC] Inicio de aplicacion web
[28-Jan-2023 04:28:57 UTC] Login::render-> Carga el index de login
[28-Jan-2023 04:29:00 UTC] Inicio de aplicacion web
[28-Jan-2023 04:29:00 UTC] Inicio de aplicacion web
[28-Jan-2023 04:29:07 UTC] Inicio de aplicacion web
[28-Jan-2023 04:29:07 UTC] Inicio de aplicacion web
[28-Jan-2023 04:29:43 UTC] Inicio de aplicacion web
[28-Jan-2023 04:29:43 UTC] Inicio de aplicacion web
[28-Jan-2023 04:29:44 UTC] Inicio de aplicacion web
[28-Jan-2023 04:29:44 UTC] Login::render-> Carga el index de login
[28-Jan-2023 04:29:47 UTC] Inicio de aplicacion web
[28-Jan-2023 04:29:47 UTC] Inicio de aplicacion web
[28-Jan-2023 04:29:57 UTC] Inicio de aplicacion web
[28-Jan-2023 04:29:57 UTC] Inicio de aplicacion web
[28-Jan-2023 04:29:58 UTC] Inicio de aplicacion web
[28-Jan-2023 04:29:58 UTC] Login::render-> Carga el index de login
[28-Jan-2023 04:30:01 UTC] Inicio de aplicacion web
[28-Jan-2023 04:30:01 UTC] Inicio de aplicacion web
[28-Jan-2023 04:30:10 UTC] Inicio de aplicacion web
[28-Jan-2023 04:30:12 UTC] Inicio de aplicacion web
[28-Jan-2023 04:30:14 UTC] Inicio de aplicacion web
[28-Jan-2023 04:30:14 UTC] Login::render-> Carga el index de login
[28-Jan-2023 04:30:21 UTC] Inicio de aplicacion web
[28-Jan-2023 04:30:21 UTC] Inicio de aplicacion web
[28-Jan-2023 04:30:26 UTC] Inicio de aplicacion web
[28-Jan-2023 04:30:26 UTC] Login::render-> Carga el index de login
[28-Jan-2023 04:30:35 UTC] Inicio de aplicacion web
[28-Jan-2023 04:30:35 UTC] Inicio de aplicacion web
[28-Jan-2023 04:30:38 UTC] Inicio de aplicacion web
[28-Jan-2023 04:30:38 UTC] Login::render-> Carga el index de login
[28-Jan-2023 04:30:40 UTC] Inicio de aplicacion web
[28-Jan-2023 04:30:42 UTC] Inicio de aplicacion web
[28-Jan-2023 04:30:42 UTC] Inicio de aplicacion web
[28-Jan-2023 04:30:45 UTC] Inicio de aplicacion web
[28-Jan-2023 04:30:45 UTC] Inicio de aplicacion web
[28-Jan-2023 04:30:46 UTC] Inicio de aplicacion web
[28-Jan-2023 04:30:46 UTC] Login::render-> Carga el index de login
[28-Jan-2023 04:30:48 UTC] Inicio de aplicacion web
[28-Jan-2023 04:30:48 UTC] Inicio de aplicacion web
[28-Jan-2023 04:30:51 UTC] Inicio de aplicacion web
[28-Jan-2023 04:30:51 UTC] Inicio de aplicacion web
[28-Jan-2023 04:30:57 UTC] Inicio de aplicacion web
[28-Jan-2023 04:30:57 UTC] Inicio de aplicacion web
[28-Jan-2023 04:30:58 UTC] Inicio de aplicacion web
[28-Jan-2023 04:30:58 UTC] Login::render-> Carga el index de login
[28-Jan-2023 04:32:05 UTC] Inicio de aplicacion web
[28-Jan-2023 04:32:05 UTC] Login::render-> Carga el index de login
[28-Jan-2023 04:32:05 UTC] Inicio de aplicacion web
[28-Jan-2023 04:32:05 UTC] Login::render-> Carga el index de login
[28-Jan-2023 04:32:08 UTC] Inicio de aplicacion web
[28-Jan-2023 04:32:08 UTC] Inicio de aplicacion web
[28-Jan-2023 04:32:08 UTC] Inicio de aplicacion web
[28-Jan-2023 04:32:11 UTC] Inicio de aplicacion web
[28-Jan-2023 04:32:11 UTC] Login::render-> Carga el index de login
[28-Jan-2023 04:32:11 UTC] Inicio de aplicacion web
[28-Jan-2023 04:32:14 UTC] Inicio de aplicacion web
[28-Jan-2023 04:32:14 UTC] Inicio de aplicacion web
[28-Jan-2023 04:33:17 UTC] Inicio de aplicacion web
[28-Jan-2023 04:33:17 UTC] PHP Fatal error:  Uncaught Error: Call to undefined function getCurrentPage() in F:\wamp64\www\expense\clases\sessioncontroller.php:38
Stack trace:
#0 F:\wamp64\www\expense\clases\sessioncontroller.php(24): SessionController->validateSession()
#1 F:\wamp64\www\expense\clases\sessioncontroller.php(16): SessionController->init()
#2 F:\wamp64\www\expense\controllers\login.php(6): SessionController->__construct()
#3 F:\wamp64\www\expense\libs\app.php(37): Login->__construct()
#4 F:\wamp64\www\expense\index.php(22): App->__construct()
#5 {main}
  thrown in F:\wamp64\www\expense\clases\sessioncontroller.php on line 38
[28-Jan-2023 04:33:54 UTC] Inicio de aplicacion web
[28-Jan-2023 04:33:54 UTC] PHP Fatal error:  Uncaught Error: Call to undefined function getCurrentPage() in F:\wamp64\www\expense\clases\sessioncontroller.php:38
Stack trace:
#0 F:\wamp64\www\expense\clases\sessioncontroller.php(24): SessionController->validateSession()
#1 F:\wamp64\www\expense\clases\sessioncontroller.php(16): SessionController->init()
#2 F:\wamp64\www\expense\controllers\login.php(6): SessionController->__construct()
#3 F:\wamp64\www\expense\libs\app.php(37): Login->__construct()
#4 F:\wamp64\www\expense\index.php(22): App->__construct()
#5 {main}
  thrown in F:\wamp64\www\expense\clases\sessioncontroller.php on line 38
[28-Jan-2023 04:34:17 UTC] Inicio de aplicacion web
[28-Jan-2023 04:34:17 UTC] Login::render-> Carga el index de login
[28-Jan-2023 04:34:17 UTC] Inicio de aplicacion web
[28-Jan-2023 04:34:28 UTC] Inicio de aplicacion web
[28-Jan-2023 04:34:31 UTC] Inicio de aplicacion web
[28-Jan-2023 04:34:31 UTC] Login::render-> Carga el index de login
[28-Jan-2023 04:34:31 UTC] Inicio de aplicacion web
[28-Jan-2023 04:35:04 UTC] Inicio de aplicacion web
[28-Jan-2023 04:35:29 UTC] Inicio de aplicacion web
[28-Jan-2023 04:35:29 UTC] Inicio de aplicacion web
[28-Jan-2023 04:35:30 UTC] Inicio de aplicacion web
[28-Jan-2023 04:35:30 UTC] Login::render-> Carga el index de login
[28-Jan-2023 04:35:32 UTC] Inicio de aplicacion web
[28-Jan-2023 04:35:32 UTC] Inicio de aplicacion web
[28-Jan-2023 04:35:32 UTC] Inicio de aplicacion web
[28-Jan-2023 04:35:36 UTC] Inicio de aplicacion web
[28-Jan-2023 04:35:36 UTC] Login::render-> Carga el index de login
[28-Jan-2023 04:35:36 UTC] Inicio de aplicacion web
[28-Jan-2023 04:35:48 UTC] Inicio de aplicacion web
[28-Jan-2023 04:35:51 UTC] Inicio de aplicacion web
[28-Jan-2023 04:35:51 UTC] Login::render-> Carga el index de login
[28-Jan-2023 04:35:51 UTC] Inicio de aplicacion web
[28-Jan-2023 04:36:01 UTC] Inicio de aplicacion web
[28-Jan-2023 04:36:03 UTC] Inicio de aplicacion web
[28-Jan-2023 04:36:03 UTC] Inicio de aplicacion web
[28-Jan-2023 04:36:05 UTC] Inicio de aplicacion web
[28-Jan-2023 04:36:05 UTC] Login::render-> Carga el index de login
[28-Jan-2023 04:36:07 UTC] Inicio de aplicacion web
[28-Jan-2023 04:36:07 UTC] PHP Notice:  Undefined index: principal in F:\wamp64\www\expense\clases\sessioncontroller.php on line 119
[28-Jan-2023 04:36:07 UTC] PHP Stack trace:
[28-Jan-2023 04:36:07 UTC] PHP   1. {main}() F:\wamp64\www\expense\index.php:0
[28-Jan-2023 04:36:07 UTC] PHP   2. App->__construct() F:\wamp64\www\expense\index.php:22
[28-Jan-2023 04:36:07 UTC] PHP   3. Login->authenticate() F:\wamp64\www\expense\libs\app.php:54
[28-Jan-2023 04:36:07 UTC] PHP   4. SessionController->initialize($user = class UserModel { private $id = 21; private $username = 'user'; private $password = '$2y$10$R1v9EtcOwATMge76pzMnqe7Y24JLz6fdyf218Mw8S03j/QOWZtm3m'; private $role = 'user'; private $budget = 0; private $photo = '624a11afd09db8969271995b617e1add.jpg'; private $name = 'Elkiller3d'; private ${Model}db = class Database { private $host = '127.0.0.1'; private $db = 'expense-app'; private $user = 'root'; private $password = ''; private $charset = 'utf8mb4' } }) F:\wamp64\www\expense\controllers\login.php:25
[28-Jan-2023 04:36:07 UTC] PHP   5. SessionController->authorizeAccess($role = 'user') F:\wamp64\www\expense\clases\sessioncontroller.php:114
[28-Jan-2023 04:36:07 UTC] Inicio de aplicacion web
[28-Jan-2023 04:36:07 UTC] Inicio de aplicacion web
[28-Jan-2023 04:36:10 UTC] Inicio de aplicacion web
[28-Jan-2023 04:36:10 UTC] Login::render-> Carga el index de login
[28-Jan-2023 04:36:10 UTC] Inicio de aplicacion web
[28-Jan-2023 04:36:50 UTC] Inicio de aplicacion web
[28-Jan-2023 04:36:50 UTC] Login::render-> Carga el index de login
[28-Jan-2023 04:36:50 UTC] Inicio de aplicacion web
[28-Jan-2023 04:37:00 UTC] Inicio de aplicacion web
[28-Jan-2023 04:37:00 UTC] Login::render-> Carga el index de login
[07-Feb-2023 04:56:49 UTC] Inicio de aplicacion web
[07-Feb-2023 04:56:52 UTC] Inicio de aplicacion web
[07-Feb-2023 04:56:52 UTC] Login::render-> Carga el index de login
[07-Feb-2023 04:57:00 UTC] Inicio de aplicacion web
[07-Feb-2023 04:57:01 UTC] Inicio de aplicacion web
[07-Feb-2023 04:57:01 UTC] Inicio de aplicacion web
[07-Feb-2023 04:57:05 UTC] Inicio de aplicacion web
[07-Feb-2023 04:57:05 UTC] Inicio de aplicacion web
[07-Feb-2023 04:57:09 UTC] Inicio de aplicacion web
[07-Feb-2023 04:57:09 UTC] Inicio de aplicacion web
[07-Feb-2023 05:06:05 UTC] Inicio de aplicacion web
[07-Feb-2023 05:06:05 UTC] Inicio de aplicacion web
[07-Feb-2023 05:06:06 UTC] Inicio de aplicacion web
[07-Feb-2023 05:06:06 UTC] Login::render-> Carga el index de login
[07-Feb-2023 05:16:57 UTC] Inicio de aplicacion web
[07-Feb-2023 05:16:57 UTC] Inicio de aplicacion web
[07-Feb-2023 05:16:57 UTC] Inicio de aplicacion web
[07-Feb-2023 05:17:23 UTC] Inicio de aplicacion web
[07-Feb-2023 05:17:23 UTC] Inicio de aplicacion web
[07-Feb-2023 05:17:24 UTC] Inicio de aplicacion web
[07-Feb-2023 05:17:24 UTC] Login::render-> Carga el index de login
[07-Feb-2023 05:17:25 UTC] Inicio de aplicacion web
[07-Feb-2023 05:17:25 UTC] Inicio de aplicacion web
[07-Feb-2023 05:17:25 UTC] Login::render-> Carga el index de login
[24-Mar-2023 15:10:37 UTC] Inicio de aplicacion web
[27-Mar-2023 02:36:52 UTC] Inicio de aplicacion web
[27-Mar-2023 02:36:54 UTC] Inicio de aplicacion web
[27-Mar-2023 02:36:54 UTC] Login::render-> Carga el index de login
[27-Mar-2023 02:36:57 UTC] Inicio de aplicacion web
